<?xml version="1.0" encoding="UTF-8"?>
<testsuite xmlns:xsi="http://www.w3.org/2001/XMLSchema-instance" xsi:noNamespaceSchemaLocation="https://maven.apache.org/surefire/maven-surefire-plugin/xsd/surefire-test-report-3.0.xsd" version="3.0" name="com.phoenix.dao.BookDaoTestCase" time="1.266" tests="3" errors="0" skipped="0" failures="0">
  <properties>
[...]
</properties>
  <testcase name="testById" classname="com.phoenix.dao.BookDaoTestCase" time="0.999">
    <system-out><![CDATA[2023-10-10T11:21:33.044+08:00  INFO 37154 --- [           main] t.c.s.AnnotationConfigContextLoaderUtils : Could not detect default configuration classes for test class [com.phoenix.dao.BookDaoTestCase]: BookDaoTestCase does not declare any static, non-private, non-final, nested classes annotated with @Configuration.
2023-10-10T11:21:33.047+08:00  INFO 37154 --- [           main] .b.t.c.SpringBootTestContextBootstrapper : Found @SpringBootConfiguration com.phoenix.Spring010connectionApplication for test class com.phoenix.dao.BookDaoTestCase
Creating a new SqlSession
SqlSession [org.apache.ibatis.session.defaults.DefaultSqlSession@3348c987] was not registered for synchronization because synchronization is not active
2023-10-10T11:21:33.058+08:00  INFO 37154 --- [           main] com.zaxxer.hikari.HikariDataSource       : HikariPool-1 - Starting...
2023-10-10T11:21:33.909+08:00  INFO 37154 --- [           main] com.zaxxer.hikari.pool.HikariPool        : HikariPool-1 - Added connection com.mysql.cj.jdbc.ConnectionImpl@432a6a69
2023-10-10T11:21:33.912+08:00  INFO 37154 --- [           main] com.zaxxer.hikari.HikariDataSource       : HikariPool-1 - Start completed.
JDBC Connection [HikariProxyConnection@1173015408 wrapping com.mysql.cj.jdbc.ConnectionImpl@432a6a69] will not be managed by Spring
==>  Preparing: SELECT id,name,type,description FROM tbi_book WHERE id=?
==> Parameters: 1(Integer)
<==    Columns: id, name, type, description
<==        Row: 1, asds, sadasdn asdasdasd, sdaasd
<==      Total: 1
Closing non transactional SqlSession [org.apache.ibatis.session.defaults.DefaultSqlSession@3348c987]
Book(id=1, name=asds, type=sadasdn asdasdasd, description=sdaasd)
]]></system-out>
  </testcase>
  <testcase name="testGetPage" classname="com.phoenix.dao.BookDaoTestCase" time="0.129">
    <system-out><![CDATA[Creating a new SqlSession
SqlSession [org.apache.ibatis.session.defaults.DefaultSqlSession@4182a651] was not registered for synchronization because synchronization is not active
JDBC Connection [HikariProxyConnection@1079378870 wrapping com.mysql.cj.jdbc.ConnectionImpl@432a6a69] will not be managed by Spring
==>  Preparing: SELECT COUNT(*) AS total FROM tbi_book
==> Parameters: 
<==    Columns: total
<==        Row: 4
<==      Total: 1
==>  Preparing: SELECT id,name,type,description FROM tbi_book LIMIT ?
==> Parameters: 5(Long)
<==    Columns: id, name, type, description
<==        Row: 1, asds, sadasdn asdasdasd, sdaasd
<==        Row: 2, das , null, null
<==        Row: 13, 22, 11, 33
<==        Row: 14, 1, 1, 1
<==      Total: 4
Closing non transactional SqlSession [org.apache.ibatis.session.defaults.DefaultSqlSession@4182a651]
1
5
1
4
[Book(id=1, name=asds, type=sadasdn asdasdasd, description=sdaasd), Book(id=2, name=das , type=null, description=null), Book(id=13, name=22, type=11, description=33), Book(id=14, name=1, type=1, description=1)]
]]></system-out>
  </testcase>
  <testcase name="testGetSelectPage" classname="com.phoenix.dao.BookDaoTestCase" time="0.129">
    <system-out><![CDATA[Creating a new SqlSession
SqlSession [org.apache.ibatis.session.defaults.DefaultSqlSession@470c4229] was not registered for synchronization because synchronization is not active
2023-10-10T11:21:34.189+08:00  WARN 37154 --- [           main] c.b.m.c.t.support.ReflectLambdaMeta      : Unable to make field private final java.lang.Class java.lang.invoke.SerializedLambda.capturingClass accessible: module java.base does not "opens java.lang.invoke" to unnamed module @71aa8854
JDBC Connection [HikariProxyConnection@823672546 wrapping com.mysql.cj.jdbc.ConnectionImpl@432a6a69] will not be managed by Spring
==>  Preparing: SELECT COUNT(*) AS total FROM tbi_book WHERE (name LIKE ?)
==> Parameters: %as%(String)
<==    Columns: total
<==        Row: 2
<==      Total: 1
==>  Preparing: SELECT id,name,type,description FROM tbi_book WHERE (name LIKE ?) LIMIT ?
==> Parameters: %as%(String), 5(Long)
<==    Columns: id, name, type, description
<==        Row: 1, asds, sadasdn asdasdasd, sdaasd
<==        Row: 2, das , null, null
<==      Total: 2
Closing non transactional SqlSession [org.apache.ibatis.session.defaults.DefaultSqlSession@470c4229]
0
]]></system-out>
  </testcase>
</testsuite>